<?xml version="1.0" encoding="UTF-8"?>
<testsuite xmlns:xsi="http://www.w3.org/2001/XMLSchema-instance" xsi:noNamespaceSchemaLocation="https://maven.apache.org/surefire/maven-surefire-plugin/xsd/surefire-test-report-3.0.xsd" version="3.0" name="TestSuite" time="22.312" tests="9" errors="0" skipped="0" failures="4">
  <properties>
[...]
</properties>
  <testcase name="all_list_users" classname="lab_6.ApiTests" time="4.65"/>
  <testcase name="get_user_ID" classname="lab_6.ApiTests" time="1.552"/>
  <testcase name="list_name_user" classname="lab_6.ApiTests" time="1.375"/>
  <testcase name="put_user_ID" classname="lab_6.ApiTests" time="2.268"/>
  <testcase name="test_create_new_user" classname="lab_6.ApiTests" time="2.111">
    <failure message="1 expectation failed.&#10;JSON path result.first_name doesn&apos;t match.&#10;Expected: Severus&#10;  Actual: [null]&#10;" type="java.lang.AssertionError"><![CDATA[java.lang.AssertionError: 
1 expectation failed.
JSON path result.first_name doesn't match.
Expected: Severus
  Actual: [null]

	at lab_6.ApiTests.test_create_new_user(ApiTests.java:77)
]]></failure>
    <system-out><![CDATA[Тест 3
Cоздать нового пользователя.
Request method:	POST
Request URI:	https://gorest.co.in/public-api/users
Proxy:			<none>
Request params:	<none>
Query params:	<none>
Form params:	<none>
Path params:	<none>
Headers:		Accept=*/*
				Content-Type=application/json; charset=UTF-8
Cookies:		<none>
Multiparts:		<none>
Body:
{
    "first_name": "Severus",
    "last_name": "Snape",
    "gender": "male",
    "email": "Snappy@gmail.com",
    "phone": "+7 (900) 696-99-66"
}
HTTP/1.1 200 OK
Server: nginx
Date: Mon, 08 Jun 2020 13:10:54 GMT
Content-Type: application/json; charset=UTF-8
Transfer-Encoding: chunked
Connection: keep-alive
Vary: Accept-Encoding
Vary: Accept
X-Rate-Limit-Limit: 30
X-Rate-Limit-Remaining: 28
X-Rate-Limit-Reset: 4
Set-Cookie: _csrf=9af11f8e6a08684e03c7bf6ef4b8c45ea3b68699316772ae7f6b840333e3d696a%3A2%3A%7Bi%3A0%3Bs%3A5%3A%22_csrf%22%3Bi%3A1%3Bs%3A32%3A%22Tk_7vH9O2q6NrTG1ofHq1u2mPi9TvWq4%22%3B%7D; path=/; HttpOnly
X-Frame-Options: sameorigin
Content-Encoding: gzip

{
    "_meta": {
        "success": false,
        "code": 422,
        "message": "Data validation failed. Please check the response body for detailed error messages.",
        "rateLimit": {
            "limit": 30,
            "remaining": 28,
            "reset": 4
        }
    },
    "result": [
        {
            "field": "email",
            "message": "Email \"Snappy@gmail.com\" has already been taken."
        }
    ]
}
]]></system-out>
  </testcase>
  <testcase name="test_delete_ID" classname="lab_6.ApiTests" time="1.431">
    <failure message="1 expectation failed.&#10;JSON path result doesn&apos;t match.&#10;Expected: null&#10;  Actual: {code=0, name=Not Found, message=Object not found: 29163, status=404}&#10;" type="java.lang.AssertionError"><![CDATA[java.lang.AssertionError: 
1 expectation failed.
JSON path result doesn't match.
Expected: null
  Actual: {code=0, name=Not Found, message=Object not found: 29163, status=404}

	at lab_6.ApiTests.test_delete_ID(ApiTests.java:135)
]]></failure>
    <system-out><![CDATA[Тест 6
Удалить пользователя с указанным ID.
HTTP/1.1 200 OK
Server: nginx
Date: Mon, 08 Jun 2020 13:10:56 GMT
Content-Type: application/json; charset=UTF-8
Transfer-Encoding: chunked
Connection: keep-alive
Vary: Accept-Encoding
Vary: Accept
X-Rate-Limit-Limit: 30
X-Rate-Limit-Remaining: 28
X-Rate-Limit-Reset: 4
Set-Cookie: _csrf=2de5083595a8776286c92dc3a57924fc41d75998cf6f125511dfe5e6bdbce59aa%3A2%3A%7Bi%3A0%3Bs%3A5%3A%22_csrf%22%3Bi%3A1%3Bs%3A32%3A%22tFp6jFC2MJdEolm7RSgPYNSb5QtwoItf%22%3B%7D; path=/; HttpOnly
X-Frame-Options: sameorigin
Content-Encoding: gzip

{
    "_meta": {
        "success": false,
        "code": 404,
        "message": "The requested resource does not exist.",
        "rateLimit": {
            "limit": 30,
            "remaining": 28,
            "reset": 4
        }
    },
    "result": {
        "name": "Not Found",
        "message": "Object not found: 29163",
        "code": 0,
        "status": 404
    }
}
]]></system-out>
  </testcase>
  <testcase name="test_delete_ID" classname="lab_6.NegativeApiTests" time="1.813">
    <failure message="1 expectation failed.&#10;JSON path result doesn&apos;t match.&#10;Expected: null&#10;  Actual: {code=0, name=Not Found, message=Object not found: 29177, status=404}&#10;" type="java.lang.AssertionError"><![CDATA[java.lang.AssertionError: 
1 expectation failed.
JSON path result doesn't match.
Expected: null
  Actual: {code=0, name=Not Found, message=Object not found: 29177, status=404}

	at lab_6.NegativeApiTests.test_delete_ID(NegativeApiTests.java:83)
]]></failure>
    <system-out><![CDATA[Тест 3
DELETE /public-api/users.
HTTP/1.1 200 OK
Server: nginx
Date: Mon, 08 Jun 2020 13:10:58 GMT
Content-Type: application/json; charset=UTF-8
Transfer-Encoding: chunked
Connection: keep-alive
Vary: Accept-Encoding
Vary: Accept
X-Rate-Limit-Limit: 30
X-Rate-Limit-Remaining: 28
X-Rate-Limit-Reset: 4
Set-Cookie: _csrf=bb9a0e487d956e8597ecc0fb58f1cf113bc36fe430d7da21cd92274d7d8c56b6a%3A2%3A%7Bi%3A0%3Bs%3A5%3A%22_csrf%22%3Bi%3A1%3Bs%3A32%3A%228yz7mRoWP3zwLcGoceYhZ4lio4KiCJxr%22%3B%7D; path=/; HttpOnly
X-Frame-Options: sameorigin
Content-Encoding: gzip

{
    "_meta": {
        "success": false,
        "code": 404,
        "message": "The requested resource does not exist.",
        "rateLimit": {
            "limit": 30,
            "remaining": 28,
            "reset": 4
        }
    },
    "result": {
        "name": "Not Found",
        "message": "Object not found: 29177",
        "code": 0,
        "status": 404
    }
}
]]></system-out>
  </testcase>
  <testcase name="test_uncorrect_post" classname="lab_6.NegativeApiTests" time="1.631">
    <failure message="1 expectation failed.&#10;JSON path result.last_name doesn&apos;t match.&#10;Expected: Snape&#10;  Actual: [null, null]&#10;" type="java.lang.AssertionError"><![CDATA[java.lang.AssertionError: 
1 expectation failed.
JSON path result.last_name doesn't match.
Expected: Snape
  Actual: [null, null]

	at lab_6.NegativeApiTests.test_uncorrect_post(NegativeApiTests.java:67)
]]></failure>
    <system-out><![CDATA[Тест 2
POST с некорректным форматом тела запроса.
Request method:	POST
Request URI:	https://gorest.co.in/public-api/users
Proxy:			<none>
Request params:	<none>
Query params:	<none>
Form params:	<none>
Path params:	<none>
Headers:		Accept=*/*
				Content-Type=application/json; charset=UTF-8
Cookies:		<none>
Multiparts:		<none>
Body:
{
    "last_name": "Snape",
    "gender": "male",
    "email": "Snappy@gmail.com",
    "phone": "+7 (900) 696-99-66"
}
HTTP/1.1 200 OK
Server: nginx
Date: Mon, 08 Jun 2020 13:11:00 GMT
Content-Type: application/json; charset=UTF-8
Transfer-Encoding: chunked
Connection: keep-alive
Vary: Accept-Encoding
Vary: Accept
X-Rate-Limit-Limit: 30
X-Rate-Limit-Remaining: 28
X-Rate-Limit-Reset: 4
Set-Cookie: _csrf=05c79ed32da8bb8145026ee679d8e2438174882bad98c1d7705172d027203835a%3A2%3A%7Bi%3A0%3Bs%3A5%3A%22_csrf%22%3Bi%3A1%3Bs%3A32%3A%22tzUzs-0d3NOJg7CHU8MslBtmG_111ucA%22%3B%7D; path=/; HttpOnly
X-Frame-Options: sameorigin
Content-Encoding: gzip

{
    "_meta": {
        "success": false,
        "code": 422,
        "message": "Data validation failed. Please check the response body for detailed error messages.",
        "rateLimit": {
            "limit": 30,
            "remaining": 28,
            "reset": 4
        }
    },
    "result": [
        {
            "field": "first_name",
            "message": "First Name cannot be blank."
        },
        {
            "field": "email",
            "message": "Email \"Snappy@gmail.com\" has already been taken."
        }
    ]
}
]]></system-out>
  </testcase>
  <testcase name="token_empty_uncorrect" classname="lab_6.NegativeApiTests" time="2.838"/>
</testsuite>